#
# A fatal error has been detected by the Java Runtime Environment:
#
#  Internal Error (javaClasses.cpp:136), pid=8948, tid=4168
#  fatal error: Invalid layout of preloaded class
#
# JRE version:  (7.0_45-b18) (build )
# Java VM: Java HotSpot(TM) 64-Bit Server VM (24.45-b08 mixed mode windows-amd64 compressed oops)
# Failed to write core dump. Minidumps are not enabled by default on client versions of Windows
#
# If you would like to submit a bug report, please visit:
#   http://bugreport.sun.com/bugreport/crash.jsp
#

---------------  T H R E A D  ---------------

Current thread (0x0000000002310800):  JavaThread "Unknown thread" [_thread_in_vm, id=4168, stack(0x00000000021b0000,0x00000000022b0000)]

Stack: [0x00000000021b0000,0x00000000022b0000]

---------------  P R O C E S S  ---------------

Java Threads: ( => current thread )

Other Threads:

=>0x0000000002310800 (exited) JavaThread "Unknown thread" [_thread_in_vm, id=4168, stack(0x00000000021b0000,0x00000000022b0000)]

VM state:not at safepoint (not fully initialized)

VM Mutex/Monitor currently owned by a thread: None

GC Heap History (0 events):
No events

Deoptimization events (0 events):
No events

Internal exceptions (0 events):
No events

Events (10 events):
Event: 0.048 loading class 0x0000000002354730 done
Event: 0.049 loading class 0x0000000002354150 done
Event: 0.049 loading class 0x0000000002354130
Event: 0.049 loading class 0x000000000235c230
Event: 0.049 loading class 0x000000000235c230 done
Event: 0.049 loading class 0x000000000235c260
Event: 0.049 loading class 0x000000000235c260 done
Event: 0.049 loading class 0x000000000235c290
Event: 0.070 loading class 0x000000000235c290 done
Event: 0.071 loading class 0x0000000002354130 done


Dynamic libraries:
0x000007f700a20000 - 0x000007f700a53000 	C:\Program Files\Java\jre7\bin\javaw.exe
0x000007fd1c830000 - 0x000007fd1c9ee000 	C:\Windows\SYSTEM32\ntdll.dll
0x000007fd19da0000 - 0x000007fd19ed6000 	C:\Windows\system32\KERNEL32.DLL
0x000007fd19830000 - 0x000007fd19923000 	C:\Windows\system32\KERNELBASE.dll
0x000007fd1c5a0000 - 0x000007fd1c67e000 	C:\Windows\system32\ADVAPI32.dll
0x000007fd1a1e0000 - 0x000007fd1a32c000 	C:\Windows\system32\USER32.dll
0x000007fd16ef0000 - 0x000007fd17159000 	C:\Windows\WinSxS\amd64_microsoft.windows.common-controls_6595b64144ccf1df_6.0.9200.16384_none_418c2a697189c07f\COMCTL32.dll
0x000007fd1ab20000 - 0x000007fd1abc5000 	C:\Windows\system32\msvcrt.dll
0x000007fd1a350000 - 0x000007fd1a398000 	C:\Windows\SYSTEM32\sechost.dll
0x000007fd1a3a0000 - 0x000007fd1a4e0000 	C:\Windows\system32\RPCRT4.dll
0x000007fd1c680000 - 0x000007fd1c7c0000 	C:\Windows\system32\GDI32.dll
0x000007fd19cb0000 - 0x000007fd19ce9000 	C:\Windows\system32\IMM32.DLL
0x000007fd1c0d0000 - 0x000007fd1c1e4000 	C:\Windows\system32\MSCTF.dll
0x0000000056be0000 - 0x0000000056cb2000 	C:\Program Files\Java\jre7\bin\msvcr100.dll
0x0000000056410000 - 0x0000000056bd9000 	C:\Program Files\Java\jre7\bin\server\jvm.dll
0x000007fd17ce0000 - 0x000007fd17ce9000 	C:\Windows\SYSTEM32\WSOCK32.dll
0x000007fd16d80000 - 0x000007fd16da0000 	C:\Windows\SYSTEM32\WINMM.dll
0x000007fd19cf0000 - 0x000007fd19cf7000 	C:\Windows\system32\PSAPI.DLL
0x000007fd1a180000 - 0x000007fd1a1d8000 	C:\Windows\system32\WS2_32.dll
0x000007fd16470000 - 0x000007fd164a2000 	C:\Windows\SYSTEM32\WINMMBASE.dll
0x000007fd1a090000 - 0x000007fd1a099000 	C:\Windows\system32\NSI.dll
0x0000000056400000 - 0x000000005640f000 	C:\Program Files\Java\jre7\bin\verify.dll
0x00000000563d0000 - 0x00000000563f8000 	C:\Program Files\Java\jre7\bin\java.dll
0x00000000563b0000 - 0x00000000563c5000 	C:\Program Files\Java\jre7\bin\zip.dll

VM Arguments:
jvm_args: -Dfile.encoding=Cp1252 -Xbootclasspath:C:\Users\india\Desktop\adt-bundle-windows-x86_64-20131030\sdk\platforms\android-19\android.jar 
java_command: org.pitest.pitclipse.pitrunner.PitRunner 50213
Launcher Type: SUN_STANDARD

Environment Variables:
PATH=C:\Program Files (x86)\NVIDIA Corporation\PhysX\Common;C:\Windows\system32;C:\Windows;C:\Windows\System32\Wbem;C:\Windows\System32\WindowsPowerShell\v1.0\
USERNAME=india
OS=Windows_NT
PROCESSOR_IDENTIFIER=Intel64 Family 6 Model 42 Stepping 7, GenuineIntel



---------------  S Y S T E M  ---------------

OS: Windows 8 , 64 bit Build 9200 

CPU:total 4 (2 cores per cpu, 2 threads per core) family 6 model 42 stepping 7, cmov, cx8, fxsr, mmx, sse, sse2, sse3, ssse3, sse4.1, sse4.2, popcnt, avx, aes, ht, tsc, tscinvbit

Memory: 4k page, physical 4175724k(1996944k free), swap 8370028k(4780332k free)

vm_info: Java HotSpot(TM) 64-Bit Server VM (24.45-b08) for windows-amd64 JRE (1.7.0_45-b18), built on Oct  8 2013 05:47:22 by "java_re" with unknown MS VC++:1600

time: Tue May 27 00:13:55 2014
elapsed time: 0 seconds

