#
# A fatal error has been detected by the Java Runtime Environment:
#
#  Internal Error (javaClasses.cpp:136), pid=768, tid=3604
#  fatal error: Invalid layout of preloaded class
#
# JRE version:  (7.0_45-b18) (build )
# Java VM: Java HotSpot(TM) 64-Bit Server VM (24.45-b08 mixed mode windows-amd64 compressed oops)
# Failed to write core dump. Minidumps are not enabled by default on client versions of Windows
#
# If you would like to submit a bug report, please visit:
#   http://bugreport.sun.com/bugreport/crash.jsp
#

---------------  T H R E A D  ---------------

Current thread (0x0000000002d50800):  JavaThread "Unknown thread" [_thread_in_vm, id=3604, stack(0x0000000002ba0000,0x0000000002ca0000)]

Stack: [0x0000000002ba0000,0x0000000002ca0000]

---------------  P R O C E S S  ---------------

Java Threads: ( => current thread )

Other Threads:

=>0x0000000002d50800 (exited) JavaThread "Unknown thread" [_thread_in_vm, id=3604, stack(0x0000000002ba0000,0x0000000002ca0000)]

VM state:not at safepoint (not fully initialized)

VM Mutex/Monitor currently owned by a thread: None

GC Heap History (0 events):
No events

Deoptimization events (0 events):
No events

Internal exceptions (0 events):
No events

Events (10 events):
Event: 0.026 loading class 0x0000000002d94a20 done
Event: 0.026 loading class 0x0000000002d94440 done
Event: 0.026 loading class 0x0000000002d94420
Event: 0.027 loading class 0x0000000002d9c520
Event: 0.027 loading class 0x0000000002d9c520 done
Event: 0.027 loading class 0x0000000002d9c550
Event: 0.027 loading class 0x0000000002d9c550 done
Event: 0.027 loading class 0x0000000002d9c580
Event: 0.027 loading class 0x0000000002d9c580 done
Event: 0.027 loading class 0x0000000002d94420 done


Dynamic libraries:
0x000007f70a9b0000 - 0x000007f70a9e3000 	C:\Program Files\Java\jre7\bin\javaw.exe
0x000007fd235a0000 - 0x000007fd2375e000 	C:\Windows\SYSTEM32\ntdll.dll
0x000007fd21d20000 - 0x000007fd21e56000 	C:\Windows\system32\KERNEL32.DLL
0x000007fd20860000 - 0x000007fd20953000 	C:\Windows\system32\KERNELBASE.dll
0x000007fd21ec0000 - 0x000007fd21f9e000 	C:\Windows\system32\ADVAPI32.dll
0x000007fd21650000 - 0x000007fd2179c000 	C:\Windows\system32\USER32.dll
0x000007fd1e280000 - 0x000007fd1e4e9000 	C:\Windows\WinSxS\amd64_microsoft.windows.common-controls_6595b64144ccf1df_6.0.9200.16384_none_418c2a697189c07f\COMCTL32.dll
0x000007fd21530000 - 0x000007fd215d5000 	C:\Windows\system32\msvcrt.dll
0x000007fd21b30000 - 0x000007fd21b78000 	C:\Windows\SYSTEM32\sechost.dll
0x000007fd20df0000 - 0x000007fd20f30000 	C:\Windows\system32\RPCRT4.dll
0x000007fd20f30000 - 0x000007fd21070000 	C:\Windows\system32\GDI32.dll
0x000007fd21070000 - 0x000007fd210a9000 	C:\Windows\system32\IMM32.DLL
0x000007fd232b0000 - 0x000007fd233c4000 	C:\Windows\system32\MSCTF.dll
0x0000000062d70000 - 0x0000000062e42000 	C:\Program Files\Java\jre7\bin\msvcr100.dll
0x0000000062410000 - 0x0000000062bd9000 	C:\Program Files\Java\jre7\bin\server\jvm.dll
0x000007fd1e080000 - 0x000007fd1e089000 	C:\Windows\SYSTEM32\WSOCK32.dll
0x000007fd1d520000 - 0x000007fd1d540000 	C:\Windows\SYSTEM32\WINMM.dll
0x000007fd212d0000 - 0x000007fd212d7000 	C:\Windows\system32\PSAPI.DLL
0x000007fd21260000 - 0x000007fd212b8000 	C:\Windows\system32\WS2_32.dll
0x000007fd1d4e0000 - 0x000007fd1d512000 	C:\Windows\SYSTEM32\WINMMBASE.dll
0x000007fd212c0000 - 0x000007fd212c9000 	C:\Windows\system32\NSI.dll
0x0000000062d60000 - 0x0000000062d6f000 	C:\Program Files\Java\jre7\bin\verify.dll
0x00000000623e0000 - 0x0000000062408000 	C:\Program Files\Java\jre7\bin\java.dll
0x00000000623c0000 - 0x00000000623d5000 	C:\Program Files\Java\jre7\bin\zip.dll

VM Arguments:
jvm_args: -Dfile.encoding=Cp1252 -Xbootclasspath:C:\Users\india\Desktop\adt-bundle-windows-x86_64-20131030\sdk\platforms\android-19\android.jar 
java_command: org.pitest.pitclipse.pitrunner.PitRunner 63832
Launcher Type: SUN_STANDARD

Environment Variables:
PATH=C:\Program Files (x86)\NVIDIA Corporation\PhysX\Common;C:\Windows\system32;C:\Windows;C:\Windows\System32\Wbem;C:\Windows\System32\WindowsPowerShell\v1.0\
USERNAME=india
OS=Windows_NT
PROCESSOR_IDENTIFIER=Intel64 Family 6 Model 42 Stepping 7, GenuineIntel



---------------  S Y S T E M  ---------------

OS: Windows 8 , 64 bit Build 9200 

CPU:total 4 (2 cores per cpu, 2 threads per core) family 6 model 42 stepping 7, cmov, cx8, fxsr, mmx, sse, sse2, sse3, ssse3, sse4.1, sse4.2, popcnt, avx, aes, ht, tsc, tscinvbit

Memory: 4k page, physical 4175724k(988840k free), swap 7927064k(1381636k free)

vm_info: Java HotSpot(TM) 64-Bit Server VM (24.45-b08) for windows-amd64 JRE (1.7.0_45-b18), built on Oct  8 2013 05:47:22 by "java_re" with unknown MS VC++:1600

time: Thu May 08 00:00:17 2014
elapsed time: 0 seconds

